[2026-05-10 01:41:23] Cloning repo...
[2026-05-10 01:41:26] Repo HEAD: a641bd4
[2026-05-10 01:41:26] Installing Python dependencies...
[2026-05-10 01:44:47] Running pre-flight checks...
[2026-05-10 01:44:48]   Found: /data/Task1/Task1/HN
[2026-05-10 01:44:50] Split already exists: /data/splits/thorax_split.json
[2026-05-10 01:44:50] ========================================
[2026-05-10 01:44:50] Starting training: thorax  ablation=1
Sun May 10 01:44:50 2026       
+-----------------------------------------------------------------------------------------+
| NVIDIA-SMI 595.58.03              Driver Version: 595.58.03      CUDA Version: 13.2     |
+-----------------------------------------+------------------------+----------------------+
| GPU  Name                 Persistence-M | Bus-Id          Disp.A | Volatile Uncorr. ECC |
| Fan  Temp   Perf          Pwr:Usage/Cap |           Memory-Usage | GPU-Util  Compute M. |
|                                         |                        |               MIG M. |
|=========================================+========================+======================|
|   0  NVIDIA GeForce RTX 2080 Ti     On  |   00000000:60:00.0 Off |                  N/A |
|  0%   40C    P8             22W /  150W |       1MiB /  11264MiB |      0%      Default |
|                                         |                        |                  N/A |
+-----------------------------------------+------------------------+----------------------+

+-----------------------------------------------------------------------------------------+
| Processes:                                                                              |
|  GPU   GI   CI              PID   Type   Process name                        GPU Memory |
|        ID   ID                                                               Usage      |
|=========================================================================================|
|  No running processes found                                                             |
+-----------------------------------------------------------------------------------------+
